CRITICAL - 2022-02-24 18:29:43 --> Undefined variable $_Post
#0 C:\xampp\htdocs\proyectoTWII\code\app\Controllers\Home.php(25): CodeIgniter\Debug\Exceptions->errorHandler(2, 'Undefined varia...', 'C:\\xampp\\htdocs...', 25)
#1 C:\xampp\htdocs\proyectoTWII\code\system\CodeIgniter.php(825): App\Controllers\Home->insertarForm()
#2 C:\xampp\htdocs\proyectoTWII\code\system\CodeIgniter.php(412): CodeIgniter\CodeIgniter->runController(Object(App\Controllers\Home))
#3 C:\xampp\htdocs\proyectoTWII\code\system\CodeIgniter.php(320): CodeIgniter\CodeIgniter->handleRequest(NULL, Object(Config\Cache), false)
#4 C:\xampp\htdocs\proyectoTWII\code\public\index.php(37): CodeIgniter\CodeIgniter->run()
#5 {main}
CRITICAL - 2022-02-24 18:30:47 --> Undefined variable $id_usuario
#0 C:\xampp\htdocs\proyectoTWII\code\app\Views\vSuccess.php(13): CodeIgniter\Debug\Exceptions->errorHandler(2, 'Undefined varia...', 'C:\\xampp\\htdocs...', 13)
#1 C:\xampp\htdocs\proyectoTWII\code\system\View\View.php(210): include('C:\\xampp\\htdocs...')
#2 C:\xampp\htdocs\proyectoTWII\code\system\View\View.php(213): CodeIgniter\View\View->CodeIgniter\View\{closure}()
#3 C:\xampp\htdocs\proyectoTWII\code\system\Common.php(1089): CodeIgniter\View\View->render('vSuccess', Array, true)
#4 C:\xampp\htdocs\proyectoTWII\code\app\Controllers\Home.php(31): view('vSuccess')
#5 C:\xampp\htdocs\proyectoTWII\code\system\CodeIgniter.php(825): App\Controllers\Home->insertarForm()
#6 C:\xampp\htdocs\proyectoTWII\code\system\CodeIgniter.php(412): CodeIgniter\CodeIgniter->runController(Object(App\Controllers\Home))
#7 C:\xampp\htdocs\proyectoTWII\code\system\CodeIgniter.php(320): CodeIgniter\CodeIgniter->handleRequest(NULL, Object(Config\Cache), false)
#8 C:\xampp\htdocs\proyectoTWII\code\public\index.php(37): CodeIgniter\CodeIgniter->run()
#9 {main}
CRITICAL - 2022-02-24 18:47:44 --> Undefined variable $nombre
#0 C:\xampp\htdocs\proyectoTWII\code\app\Views\vSuccess.php(11): CodeIgniter\Debug\Exceptions->errorHandler(2, 'Undefined varia...', 'C:\\xampp\\htdocs...', 11)
#1 C:\xampp\htdocs\proyectoTWII\code\system\View\View.php(210): include('C:\\xampp\\htdocs...')
#2 C:\xampp\htdocs\proyectoTWII\code\system\View\View.php(213): CodeIgniter\View\View->CodeIgniter\View\{closure}()
#3 C:\xampp\htdocs\proyectoTWII\code\system\Common.php(1089): CodeIgniter\View\View->render('vSuccess', Array, true)
#4 C:\xampp\htdocs\proyectoTWII\code\app\Controllers\Home.php(31): view('vSuccess', Array)
#5 C:\xampp\htdocs\proyectoTWII\code\system\CodeIgniter.php(825): App\Controllers\Home->insertarForm()
#6 C:\xampp\htdocs\proyectoTWII\code\system\CodeIgniter.php(412): CodeIgniter\CodeIgniter->runController(Object(App\Controllers\Home))
#7 C:\xampp\htdocs\proyectoTWII\code\system\CodeIgniter.php(320): CodeIgniter\CodeIgniter->handleRequest(NULL, Object(Config\Cache), false)
#8 C:\xampp\htdocs\proyectoTWII\code\public\index.php(37): CodeIgniter\CodeIgniter->run()
#9 {main}
