CRITICAL - 2022-03-03 23:38:26 --> Undefined variable $id_usuario
#0 C:\xampp\htdocs\proyectoTWII\code\app\Views\vIngreso.php(18): CodeIgniter\Debug\Exceptions->errorHandler(2, 'Undefined varia...', 'C:\\xampp\\htdocs...', 18)
#1 C:\xampp\htdocs\proyectoTWII\code\system\View\View.php(210): include('C:\\xampp\\htdocs...')
#2 C:\xampp\htdocs\proyectoTWII\code\system\View\View.php(213): CodeIgniter\View\View->CodeIgniter\View\{closure}()
#3 C:\xampp\htdocs\proyectoTWII\code\system\Common.php(1089): CodeIgniter\View\View->render('vIngreso', Array, true)
#4 C:\xampp\htdocs\proyectoTWII\code\app\Controllers\Home.php(19): view('vIngreso')
#5 C:\xampp\htdocs\proyectoTWII\code\system\CodeIgniter.php(825): App\Controllers\Home->ingreso()
#6 C:\xampp\htdocs\proyectoTWII\code\system\CodeIgniter.php(412): CodeIgniter\CodeIgniter->runController(Object(App\Controllers\Home))
#7 C:\xampp\htdocs\proyectoTWII\code\system\CodeIgniter.php(320): CodeIgniter\CodeIgniter->handleRequest(NULL, Object(Config\Cache), false)
#8 C:\xampp\htdocs\proyectoTWII\code\public\index.php(37): CodeIgniter\CodeIgniter->run()
#9 {main}
CRITICAL - 2022-03-03 23:43:04 --> Undefined variable $usuario
#0 C:\xampp\htdocs\proyectoTWII\code\app\Controllers\Home.php(49): CodeIgniter\Debug\Exceptions->errorHandler(2, 'Undefined varia...', 'C:\\xampp\\htdocs...', 49)
#1 C:\xampp\htdocs\proyectoTWII\code\system\CodeIgniter.php(825): App\Controllers\Home->ingresarForm()
#2 C:\xampp\htdocs\proyectoTWII\code\system\CodeIgniter.php(412): CodeIgniter\CodeIgniter->runController(Object(App\Controllers\Home))
#3 C:\xampp\htdocs\proyectoTWII\code\system\CodeIgniter.php(320): CodeIgniter\CodeIgniter->handleRequest(NULL, Object(Config\Cache), false)
#4 C:\xampp\htdocs\proyectoTWII\code\public\index.php(37): CodeIgniter\CodeIgniter->run()
#5 {main}
ERROR - 2022-03-03 23:44:21 --> Unknown column 'usuarios.deleted_at' in 'where clause'
CRITICAL - 2022-03-03 23:44:21 --> Unknown column 'usuarios.deleted_at' in 'where clause'
#0 C:\xampp\htdocs\proyectoTWII\code\system\Database\MySQLi\Connection.php(292): mysqli->query('SELECT *\nFROM `...', 0)
#1 C:\xampp\htdocs\proyectoTWII\code\system\Database\BaseConnection.php(670): CodeIgniter\Database\MySQLi\Connection->execute('SELECT *\nFROM `...')
#2 C:\xampp\htdocs\proyectoTWII\code\system\Database\BaseConnection.php(598): CodeIgniter\Database\BaseConnection->simpleQuery('SELECT *\nFROM `...')
#3 C:\xampp\htdocs\proyectoTWII\code\system\Database\BaseBuilder.php(1455): CodeIgniter\Database\BaseConnection->query('SELECT *\nFROM `...', Array, false)
#4 C:\xampp\htdocs\proyectoTWII\code\system\Model.php(210): CodeIgniter\Database\BaseBuilder->get()
#5 C:\xampp\htdocs\proyectoTWII\code\system\BaseModel.php(622): CodeIgniter\Model->doFirst()
#6 C:\xampp\htdocs\proyectoTWII\code\app\Controllers\Home.php(49): CodeIgniter\BaseModel->first()
#7 C:\xampp\htdocs\proyectoTWII\code\system\CodeIgniter.php(825): App\Controllers\Home->ingresarForm()
#8 C:\xampp\htdocs\proyectoTWII\code\system\CodeIgniter.php(412): CodeIgniter\CodeIgniter->runController(Object(App\Controllers\Home))
#9 C:\xampp\htdocs\proyectoTWII\code\system\CodeIgniter.php(320): CodeIgniter\CodeIgniter->handleRequest(NULL, Object(Config\Cache), false)
#10 C:\xampp\htdocs\proyectoTWII\code\public\index.php(37): CodeIgniter\CodeIgniter->run()
#11 {main}
ERROR - 2022-03-03 23:46:39 --> Unknown column 'usuarios.deleted_at' in 'where clause'
CRITICAL - 2022-03-03 23:46:39 --> Unknown column 'usuarios.deleted_at' in 'where clause'
#0 C:\xampp\htdocs\proyectoTWII\code\system\Database\MySQLi\Connection.php(292): mysqli->query('SELECT *\nFROM `...', 0)
#1 C:\xampp\htdocs\proyectoTWII\code\system\Database\BaseConnection.php(670): CodeIgniter\Database\MySQLi\Connection->execute('SELECT *\nFROM `...')
#2 C:\xampp\htdocs\proyectoTWII\code\system\Database\BaseConnection.php(598): CodeIgniter\Database\BaseConnection->simpleQuery('SELECT *\nFROM `...')
#3 C:\xampp\htdocs\proyectoTWII\code\system\Database\BaseBuilder.php(1455): CodeIgniter\Database\BaseConnection->query('SELECT *\nFROM `...', Array, false)
#4 C:\xampp\htdocs\proyectoTWII\code\system\Model.php(183): CodeIgniter\Database\BaseBuilder->get()
#5 C:\xampp\htdocs\proyectoTWII\code\system\BaseModel.php(584): CodeIgniter\Model->doFindAll(0, 0)
#6 C:\xampp\htdocs\proyectoTWII\code\app\Controllers\Home.php(39): CodeIgniter\BaseModel->findAll()
#7 C:\xampp\htdocs\proyectoTWII\code\system\CodeIgniter.php(825): App\Controllers\Home->mostrarRegistros()
#8 C:\xampp\htdocs\proyectoTWII\code\system\CodeIgniter.php(412): CodeIgniter\CodeIgniter->runController(Object(App\Controllers\Home))
#9 C:\xampp\htdocs\proyectoTWII\code\system\CodeIgniter.php(320): CodeIgniter\CodeIgniter->handleRequest(NULL, Object(Config\Cache), false)
#10 C:\xampp\htdocs\proyectoTWII\code\public\index.php(37): CodeIgniter\CodeIgniter->run()
#11 {main}
